[0.423s] Invoking command in '/home/uburyo/drone_lifting_ws/build/lifting_sim': PYTHONPATH=/home/uburyo/drone_lifting_ws/build/lifting_sim/prefix_override:/usr/lib/python3/dist-packages/colcon_core/task/python/colcon_distutils_commands:/home/uburyo/drone_lifting_ws/install/lifting_sim/lib/python3.10/site-packages:${PYTHONPATH} /usr/bin/python3 -W ignore:setup.py install is deprecated -W ignore:easy_install command is deprecated setup.py develop --editable --build-directory /home/uburyo/drone_lifting_ws/build/lifting_sim/build --no-deps symlink_data
[0.562s] running develop
[0.643s] running egg_info
[0.643s] creating lifting_sim.egg-info
[0.643s] writing lifting_sim.egg-info/PKG-INFO
[0.643s] writing dependency_links to lifting_sim.egg-info/dependency_links.txt
[0.643s] writing entry points to lifting_sim.egg-info/entry_points.txt
[0.643s] writing requirements to lifting_sim.egg-info/requires.txt
[0.644s] writing top-level names to lifting_sim.egg-info/top_level.txt
[0.644s] writing manifest file 'lifting_sim.egg-info/SOURCES.txt'
[0.646s] reading manifest file 'lifting_sim.egg-info/SOURCES.txt'
[0.646s] writing manifest file 'lifting_sim.egg-info/SOURCES.txt'
[0.647s] running build_ext
[0.647s] Creating /home/uburyo/drone_lifting_ws/install/lifting_sim/lib/python3.10/site-packages/lifting-sim.egg-link (link to .)
[0.647s] Installing controller script to /home/uburyo/drone_lifting_ws/install/lifting_sim/lib/lifting_sim
[0.647s] 
[0.647s] Installed /home/uburyo/drone_lifting_ws/build/lifting_sim
[0.647s] running symlink_data
[0.647s] creating /home/uburyo/drone_lifting_ws/install/lifting_sim/share/ament_index
[0.647s] creating /home/uburyo/drone_lifting_ws/install/lifting_sim/share/ament_index/resource_index
[0.647s] creating /home/uburyo/drone_lifting_ws/install/lifting_sim/share/ament_index/resource_index/packages
[0.647s] symbolically linking /home/uburyo/drone_lifting_ws/build/lifting_sim/resource/lifting_sim -> /home/uburyo/drone_lifting_ws/install/lifting_sim/share/ament_index/resource_index/packages
[0.647s] symbolically linking /home/uburyo/drone_lifting_ws/build/lifting_sim/package.xml -> /home/uburyo/drone_lifting_ws/install/lifting_sim/share/lifting_sim
[0.647s] creating /home/uburyo/drone_lifting_ws/install/lifting_sim/share/lifting_sim/launch
[0.647s] symbolically linking /home/uburyo/drone_lifting_ws/build/lifting_sim/launch/simulation.launch.py -> /home/uburyo/drone_lifting_ws/install/lifting_sim/share/lifting_sim/launch
[0.648s] creating /home/uburyo/drone_lifting_ws/install/lifting_sim/share/lifting_sim/worlds
[0.648s] symbolically linking /home/uburyo/drone_lifting_ws/build/lifting_sim/worlds/lifting.sdf -> /home/uburyo/drone_lifting_ws/install/lifting_sim/share/lifting_sim/worlds
[0.648s] creating /home/uburyo/drone_lifting_ws/install/lifting_sim/share/lifting_sim/models
[0.648s] creating /home/uburyo/drone_lifting_ws/install/lifting_sim/share/lifting_sim/models/m5fly
[0.648s] symbolically linking /home/uburyo/drone_lifting_ws/build/lifting_sim/models/m5fly/model.config -> /home/uburyo/drone_lifting_ws/install/lifting_sim/share/lifting_sim/models/m5fly
[0.648s] symbolically linking /home/uburyo/drone_lifting_ws/build/lifting_sim/models/m5fly/model.sdf -> /home/uburyo/drone_lifting_ws/install/lifting_sim/share/lifting_sim/models/m5fly
[0.648s] creating /home/uburyo/drone_lifting_ws/install/lifting_sim/share/lifting_sim/models/pingpong_ball
[0.648s] symbolically linking /home/uburyo/drone_lifting_ws/build/lifting_sim/models/pingpong_ball/model.config -> /home/uburyo/drone_lifting_ws/install/lifting_sim/share/lifting_sim/models/pingpong_ball
[0.648s] symbolically linking /home/uburyo/drone_lifting_ws/build/lifting_sim/models/pingpong_ball/model.sdf -> /home/uburyo/drone_lifting_ws/install/lifting_sim/share/lifting_sim/models/pingpong_ball
[0.648s] creating /home/uburyo/drone_lifting_ws/install/lifting_sim/share/lifting_sim/models/ground_camera
[0.648s] symbolically linking /home/uburyo/drone_lifting_ws/build/lifting_sim/models/ground_camera/model.config -> /home/uburyo/drone_lifting_ws/install/lifting_sim/share/lifting_sim/models/ground_camera
[0.648s] symbolically linking /home/uburyo/drone_lifting_ws/build/lifting_sim/models/ground_camera/model.sdf -> /home/uburyo/drone_lifting_ws/install/lifting_sim/share/lifting_sim/models/ground_camera
[0.665s] Invoked command in '/home/uburyo/drone_lifting_ws/build/lifting_sim' returned '0': PYTHONPATH=/home/uburyo/drone_lifting_ws/build/lifting_sim/prefix_override:/usr/lib/python3/dist-packages/colcon_core/task/python/colcon_distutils_commands:/home/uburyo/drone_lifting_ws/install/lifting_sim/lib/python3.10/site-packages:${PYTHONPATH} /usr/bin/python3 -W ignore:setup.py install is deprecated -W ignore:easy_install command is deprecated setup.py develop --editable --build-directory /home/uburyo/drone_lifting_ws/build/lifting_sim/build --no-deps symlink_data
